0 info it worked if it ends with ok
1 verbose cli [ 'C:\\Program Files\\nodejs\\node.exe',
1 verbose cli   'C:\\Program Files\\nodejs\\node_modules\\npm\\bin\\npm-cli.js',
1 verbose cli   'start' ]
2 info using npm@3.10.8
3 info using node@v6.8.1
4 verbose run-script [ 'prestart', 'start', 'poststart' ]
5 info lifecycle app@1.0.0~prestart: app@1.0.0
6 verbose lifecycle app@1.0.0~prestart: unsafe-perm in lifecycle true
7 verbose lifecycle app@1.0.0~prestart: PATH: C:\Users\lenovo\AppData\Roaming\nvm\v6.8.1\node_modules\npm\bin\node-gyp-bin;C:\Users\lenovo\Desktop\Myproject\node_modules\.bin;C:\Users\lenovo\Desktop\Myproject\node_modules\.bin;d:\program files\graphicsmagick-1.3.25-q8;C:\ProgramData\Oracle\Java\javapath;C:\Program Files (x86)\Intel\iCLS Client\;C:\Program Files\Intel\iCLS Client\;C:\WINDOWS\system32;C:\WINDOWS;C:\WINDOWS\System32\Wbem;C:\WINDOWS\System32\WindowsPowerShell\v1.0\;C:\Program Files (x86)\Intel\Intel(R) Management Engine Components\DAL;C:\Program Files\Intel\Intel(R) Management Engine Components\DAL;C:\Program Files (x86)\Intel\Intel(R) Management Engine Components\IPT;C:\Program Files\Intel\Intel(R) Management Engine Components\IPT;C:\Program Files (x86)\ATI Technologies\ATI.ACE\Core-Static;C:\Program Files\Intel\WiFi\bin\;C:\Program Files\Common Files\Intel\WirelessCommon\;D:\Program Files\VisualSVN Server\bin;D:\常用软件安装包\My Sql\bin;D:\常用软;安装包\Sql\bin;D:;sql\bin;C:\Program Files\Git\cmd;C:\Program Files\TortoiseSVN\bin;D:\常用软件安装包\yarn\bin;C:\Users\lenovo\AppData\Roaming\nvm;C:\P;C:\Users\lenovo\AppData\Local\Microsoft\WindowsApps;C:\Users\lenovo\AppData\Roaming\npm;D:\常用软件安装包\PicPick;D:\常用软件安装包\qq\Bin;C:\worksoft\curl-64;D:\4.14前端课堂所需软件最新版\4.14前端课堂所需软件最新版\Everything-1.4.1.768b.x64\Everything-1.4.1.768b.x64;D:\sql\bin;C:\Users\lenovo\AppData\Local\Yarn\.bin;C:\Program Files\Java\jdk1.8.0_91\bin;C:\Users\lenovo\AppData\Local\Android\sdk\tools;C:\Users\lenovo\AppData\Local\Android\sdk\platform-tools;C:\Users\lenovo\AppData\Local\Android\sdk\build-tools;C:\Users\lenovo\AppData\Roaming\nvm;C:\Program Files\nodejs;C:\Users\lenovo\AppData\Roaming\npm;C:\Python27;D:\Program Files\GraphicsMagick-1.3.25-Q8;
8 verbose lifecycle app@1.0.0~prestart: CWD: C:\Users\lenovo\Desktop\Myproject
9 silly lifecycle app@1.0.0~prestart: Args: [ '/d /s /c', 'npm install' ]
10 silly lifecycle app@1.0.0~prestart: Returned: code: 0  signal: null
11 info lifecycle app@1.0.0~start: app@1.0.0
12 verbose lifecycle app@1.0.0~start: unsafe-perm in lifecycle true
13 verbose lifecycle app@1.0.0~start: PATH: C:\Users\lenovo\AppData\Roaming\nvm\v6.8.1\node_modules\npm\bin\node-gyp-bin;C:\Users\lenovo\Desktop\Myproject\node_modules\.bin;C:\Users\lenovo\Desktop\Myproject\node_modules\.bin;d:\program files\graphicsmagick-1.3.25-q8;C:\ProgramData\Oracle\Java\javapath;C:\Program Files (x86)\Intel\iCLS Client\;C:\Program Files\Intel\iCLS Client\;C:\WINDOWS\system32;C:\WINDOWS;C:\WINDOWS\System32\Wbem;C:\WINDOWS\System32\WindowsPowerShell\v1.0\;C:\Program Files (x86)\Intel\Intel(R) Management Engine Components\DAL;C:\Program Files\Intel\Intel(R) Management Engine Components\DAL;C:\Program Files (x86)\Intel\Intel(R) Management Engine Components\IPT;C:\Program Files\Intel\Intel(R) Management Engine Components\IPT;C:\Program Files (x86)\ATI Technologies\ATI.ACE\Core-Static;C:\Program Files\Intel\WiFi\bin\;C:\Program Files\Common Files\Intel\WirelessCommon\;D:\Program Files\VisualSVN Server\bin;D:\常用软件安装包\My Sql\bin;D:\常用软;安装包\Sql\bin;D:;sql\bin;C:\Program Files\Git\cmd;C:\Program Files\TortoiseSVN\bin;D:\常用软件安装包\yarn\bin;C:\Users\lenovo\AppData\Roaming\nvm;C:\P;C:\Users\lenovo\AppData\Local\Microsoft\WindowsApps;C:\Users\lenovo\AppData\Roaming\npm;D:\常用软件安装包\PicPick;D:\常用软件安装包\qq\Bin;C:\worksoft\curl-64;D:\4.14前端课堂所需软件最新版\4.14前端课堂所需软件最新版\Everything-1.4.1.768b.x64\Everything-1.4.1.768b.x64;D:\sql\bin;C:\Users\lenovo\AppData\Local\Yarn\.bin;C:\Program Files\Java\jdk1.8.0_91\bin;C:\Users\lenovo\AppData\Local\Android\sdk\tools;C:\Users\lenovo\AppData\Local\Android\sdk\platform-tools;C:\Users\lenovo\AppData\Local\Android\sdk\build-tools;C:\Users\lenovo\AppData\Roaming\nvm;C:\Program Files\nodejs;C:\Users\lenovo\AppData\Roaming\npm;C:\Python27;D:\Program Files\GraphicsMagick-1.3.25-Q8;
14 verbose lifecycle app@1.0.0~start: CWD: C:\Users\lenovo\Desktop\Myproject
15 silly lifecycle app@1.0.0~start: Args: [ '/d /s /c', 'http-server -p 7088 -o -c-1' ]
16 silly lifecycle app@1.0.0~start: Returned: code: 3221225786  signal: null
17 info lifecycle app@1.0.0~start: Failed to exec start script
18 verbose stack Error: app@1.0.0 start: `http-server -p 7088 -o -c-1`
18 verbose stack Exit status 3221225786
18 verbose stack     at EventEmitter.<anonymous> (C:\Users\lenovo\AppData\Roaming\nvm\v6.8.1\node_modules\npm\lib\utils\lifecycle.js:255:16)
18 verbose stack     at emitTwo (events.js:106:13)
18 verbose stack     at EventEmitter.emit (events.js:191:7)
18 verbose stack     at ChildProcess.<anonymous> (C:\Users\lenovo\AppData\Roaming\nvm\v6.8.1\node_modules\npm\lib\utils\spawn.js:40:14)
18 verbose stack     at emitTwo (events.js:106:13)
18 verbose stack     at ChildProcess.emit (events.js:191:7)
18 verbose stack     at maybeClose (internal/child_process.js:877:16)
18 verbose stack     at Process.ChildProcess._handle.onexit (internal/child_process.js:226:5)
19 verbose pkgid app@1.0.0
20 verbose cwd C:\Users\lenovo\Desktop\Myproject\App
21 error Windows_NT 10.0.14393
22 error argv "C:\\Program Files\\nodejs\\node.exe" "C:\\Program Files\\nodejs\\node_modules\\npm\\bin\\npm-cli.js" "start"
23 error node v6.8.1
24 error npm  v3.10.8
25 error code ELIFECYCLE
26 error app@1.0.0 start: `http-server -p 7088 -o -c-1`
26 error Exit status 3221225786
27 error Failed at the app@1.0.0 start script 'http-server -p 7088 -o -c-1'.
27 error Make sure you have the latest version of node.js and npm installed.
27 error If you do, this is most likely a problem with the app package,
27 error not with npm itself.
27 error Tell the author that this fails on your system:
27 error     http-server -p 7088 -o -c-1
27 error You can get information on how to open an issue for this project with:
27 error     npm bugs app
27 error Or if that isn't available, you can get their info via:
27 error     npm owner ls app
27 error There is likely additional logging output above.
28 verbose exit [ 1, true ]
